<?xml version="1.0" encoding="UTF-8"?>
<testsuite xmlns:xsi="http://www.w3.org/2001/XMLSchema-instance" xsi:noNamespaceSchemaLocation="https://maven.apache.org/surefire/maven-surefire-plugin/xsd/surefire-test-report.xsd" name="TestSuite" time="349.76" tests="46" errors="0" skipped="0" failures="21">
  <properties>
[...]
</properties>
  <testcase name="Login" classname="com.qa.testscripts.TC_OrangeHrmDeletePost_019" time="7.583"/>
  <testcase name="assignLeave" classname="com.qa.testscripts.TC_OrangeHrmDeletePost_019" time="11.199"/>
  <testcase name="LeaveList" classname="com.qa.testscripts.TC_OrangeHrmDeletePost_019" time="10.094"/>
  <testcase name="TimeSheetView" classname="com.qa.testscripts.TC_OrangeHrmDeletePost_019" time="8.452">
    <failure message="The following asserts failed:&#10;	expected [true] but found [false]" type="java.lang.AssertionError">java.lang.AssertionError: 
The following asserts failed:
	expected [true] but found [false]
</failure>
    <system-out><![CDATA[The Time Sheet of Sara Tencrady is not displayed
Screenshot is captured successfully
]]></system-out>
  </testcase>
  <testcase name="TimeSheetView" classname="com.qa.testscripts.TC_OrangeHrmDeletePost_019" time="7.524">
    <failure message="The following asserts failed:&#10;	expected [true] but found [false],&#10;	expected [true] but found [false]" type="java.lang.AssertionError">java.lang.AssertionError: 
The following asserts failed:
	expected [true] but found [false],
	expected [true] but found [false]
</failure>
    <system-out><![CDATA[The Time Sheet of John Smith is not displayed
Screenshot is captured successfully
]]></system-out>
  </testcase>
  <testcase name="MyTimeSheet" classname="com.qa.testscripts.TC_OrangeHrmDeletePost_019" time="13.528"/>
  <testcase name="ValidateUserSearch" classname="com.qa.testscripts.TC_OrangeHrmDeletePost_019" time="3.902">
    <failure message="The following asserts failed:&#10;	expected [true] but found [false],&#10;	expected [true] but found [false]" type="java.lang.AssertionError">java.lang.AssertionError: 
The following asserts failed:
	expected [true] but found [false],
	expected [true] but found [false]
</failure>
    <system-out><![CDATA[Employee details are found
]]></system-out>
  </testcase>
  <testcase name="ValidateUserSearch" classname="com.qa.testscripts.TC_OrangeHrmDeletePost_019" time="3.435">
    <failure message="The following asserts failed:&#10;	expected [true] but found [false],&#10;	expected [true] but found [false]" type="java.lang.AssertionError">java.lang.AssertionError: 
The following asserts failed:
	expected [true] but found [false],
	expected [true] but found [false]
</failure>
    <system-out><![CDATA[Employee details are found
]]></system-out>
  </testcase>
  <testcase name="ValidateUserSearch" classname="com.qa.testscripts.TC_OrangeHrmDeletePost_019" time="4.87">
    <failure message="The following asserts failed:&#10;	expected [true] but found [false],&#10;	expected [true] but found [false],&#10;	expected [true] but found [false]" type="java.lang.AssertionError">java.lang.AssertionError: 
The following asserts failed:
	expected [true] but found [false],
	expected [true] but found [false],
	expected [true] but found [false]
</failure>
    <system-out><![CDATA[Employee details are not found
Screenshot is captured successfully
]]></system-out>
  </testcase>
  <testcase name="ValidateSkills" classname="com.qa.testscripts.TC_OrangeHrmDeletePost_019" time="7.057">
    <failure message="The following asserts failed:&#10;	expected [true] but found [false],&#10;	expected [true] but found [false],&#10;	expected [true] but found [false],&#10;	expected [true] but found [false]" type="java.lang.AssertionError">java.lang.AssertionError: 
The following asserts failed:
	expected [true] but found [false],
	expected [true] but found [false],
	expected [true] but found [false],
	expected [true] but found [false]
</failure>
    <system-out><![CDATA[Skill page is displayed
AddSkill page is displayed
Skill name is already exists
Screenshot is captured successfully
]]></system-out>
  </testcase>
  <testcase name="ValidateSkills" classname="com.qa.testscripts.TC_OrangeHrmDeletePost_019" time="5.181">
    <failure message="The following asserts failed:&#10;	expected [true] but found [false],&#10;	expected [true] but found [false],&#10;	expected [true] but found [false],&#10;	expected [true] but found [false]" type="java.lang.AssertionError">java.lang.AssertionError: 
The following asserts failed:
	expected [true] but found [false],
	expected [true] but found [false],
	expected [true] but found [false],
	expected [true] but found [false]
</failure>
    <system-out><![CDATA[Skill page is displayed
AddSkill page is displayed
Skill name is added successfully
]]></system-out>
  </testcase>
  <testcase name="ValidateSkills" classname="com.qa.testscripts.TC_OrangeHrmDeletePost_019" time="6.53">
    <failure message="The following asserts failed:&#10;	expected [true] but found [false],&#10;	expected [true] but found [false],&#10;	expected [true] but found [false],&#10;	expected [true] but found [false],&#10;	expected [true] but found [false]" type="java.lang.AssertionError">java.lang.AssertionError: 
The following asserts failed:
	expected [true] but found [false],
	expected [true] but found [false],
	expected [true] but found [false],
	expected [true] but found [false],
	expected [true] but found [false]
</failure>
    <system-out><![CDATA[Skill page is displayed
AddSkill page is displayed
Skill name is already exists
Screenshot is captured successfully
]]></system-out>
  </testcase>
  <testcase name="ValidateSkills" classname="com.qa.testscripts.TC_OrangeHrmDeletePost_019" time="6.569">
    <failure message="The following asserts failed:&#10;	expected [true] but found [false],&#10;	expected [true] but found [false],&#10;	expected [true] but found [false],&#10;	expected [true] but found [false],&#10;	expected [true] but found [false],&#10;	expected [true] but found [false]" type="java.lang.AssertionError">java.lang.AssertionError: 
The following asserts failed:
	expected [true] but found [false],
	expected [true] but found [false],
	expected [true] but found [false],
	expected [true] but found [false],
	expected [true] but found [false],
	expected [true] but found [false]
</failure>
    <system-out><![CDATA[Skill page is displayed
AddSkill page is displayed
Skill name is already exists
Screenshot is captured successfully
]]></system-out>
  </testcase>
  <testcase name="ValidateSkills" classname="com.qa.testscripts.TC_OrangeHrmDeletePost_019" time="7.754">
    <failure message="The following asserts failed:&#10;	expected [true] but found [false],&#10;	expected [true] but found [false],&#10;	expected [true] but found [false],&#10;	expected [true] but found [false],&#10;	expected [true] but found [false],&#10;	expected [true] but found [false],&#10;	expected [true] but found [false]" type="java.lang.AssertionError">java.lang.AssertionError: 
The following asserts failed:
	expected [true] but found [false],
	expected [true] but found [false],
	expected [true] but found [false],
	expected [true] but found [false],
	expected [true] but found [false],
	expected [true] but found [false],
	expected [true] but found [false]
</failure>
    <system-out><![CDATA[Skill page is displayed
AddSkill page is displayed
Skill name is already exists
Screenshot is captured successfully
]]></system-out>
  </testcase>
  <testcase name="ValidateEducation" classname="com.qa.testscripts.TC_OrangeHrmDeletePost_019" time="7.497">
    <failure message="The following asserts failed:&#10;	expected [true] but found [false],&#10;	expected [true] but found [false],&#10;	expected [true] but found [false],&#10;	expected [true] but found [false],&#10;	expected [true] but found [false],&#10;	expected [true] but found [false],&#10;	expected [true] but found [false],&#10;	expected [true] but found [false]" type="java.lang.AssertionError">java.lang.AssertionError: 
The following asserts failed:
	expected [true] but found [false],
	expected [true] but found [false],
	expected [true] but found [false],
	expected [true] but found [false],
	expected [true] but found [false],
	expected [true] but found [false],
	expected [true] but found [false],
	expected [true] but found [false]
</failure>
    <system-out><![CDATA[Education page is displayed
AddEducation page is displayed
Education level is already exists
Screenshot is captured successfully
]]></system-out>
  </testcase>
  <testcase name="ValidateEducation" classname="com.qa.testscripts.TC_OrangeHrmDeletePost_019" time="5.089">
    <failure message="The following asserts failed:&#10;	expected [true] but found [false],&#10;	expected [true] but found [false],&#10;	expected [true] but found [false],&#10;	expected [true] but found [false],&#10;	expected [true] but found [false],&#10;	expected [true] but found [false],&#10;	expected [true] but found [false],&#10;	expected [true] but found [false]" type="java.lang.AssertionError">java.lang.AssertionError: 
The following asserts failed:
	expected [true] but found [false],
	expected [true] but found [false],
	expected [true] but found [false],
	expected [true] but found [false],
	expected [true] but found [false],
	expected [true] but found [false],
	expected [true] but found [false],
	expected [true] but found [false]
</failure>
    <system-out><![CDATA[Education page is displayed
AddEducation page is displayed
Education level is added successfully
]]></system-out>
  </testcase>
  <testcase name="ValidateEducation" classname="com.qa.testscripts.TC_OrangeHrmDeletePost_019" time="4.874">
    <failure message="The following asserts failed:&#10;	expected [true] but found [false],&#10;	expected [true] but found [false],&#10;	expected [true] but found [false],&#10;	expected [true] but found [false],&#10;	expected [true] but found [false],&#10;	expected [true] but found [false],&#10;	expected [true] but found [false],&#10;	expected [true] but found [false]" type="java.lang.AssertionError">java.lang.AssertionError: 
The following asserts failed:
	expected [true] but found [false],
	expected [true] but found [false],
	expected [true] but found [false],
	expected [true] but found [false],
	expected [true] but found [false],
	expected [true] but found [false],
	expected [true] but found [false],
	expected [true] but found [false]
</failure>
    <system-out><![CDATA[Education page is displayed
AddEducation page is displayed
Education level is added successfully
]]></system-out>
  </testcase>
  <testcase name="ValidateLicenses" classname="com.qa.testscripts.TC_OrangeHrmDeletePost_019" time="5.342">
    <failure message="The following asserts failed:&#10;	expected [true] but found [false],&#10;	expected [true] but found [false],&#10;	expected [true] but found [false],&#10;	expected [true] but found [false],&#10;	expected [true] but found [false],&#10;	expected [true] but found [false],&#10;	expected [true] but found [false],&#10;	expected [true] but found [false]" type="java.lang.AssertionError">java.lang.AssertionError: 
The following asserts failed:
	expected [true] but found [false],
	expected [true] but found [false],
	expected [true] but found [false],
	expected [true] but found [false],
	expected [true] but found [false],
	expected [true] but found [false],
	expected [true] but found [false],
	expected [true] but found [false]
</failure>
    <system-out><![CDATA[License page is displayed
AddLicense page is displayed
License name is added successfully
]]></system-out>
  </testcase>
  <testcase name="ValidateLicenses" classname="com.qa.testscripts.TC_OrangeHrmDeletePost_019" time="5.116">
    <failure message="The following asserts failed:&#10;	expected [true] but found [false],&#10;	expected [true] but found [false],&#10;	expected [true] but found [false],&#10;	expected [true] but found [false],&#10;	expected [true] but found [false],&#10;	expected [true] but found [false],&#10;	expected [true] but found [false],&#10;	expected [true] but found [false]" type="java.lang.AssertionError">java.lang.AssertionError: 
The following asserts failed:
	expected [true] but found [false],
	expected [true] but found [false],
	expected [true] but found [false],
	expected [true] but found [false],
	expected [true] but found [false],
	expected [true] but found [false],
	expected [true] but found [false],
	expected [true] but found [false]
</failure>
    <system-out><![CDATA[License page is displayed
AddLicense page is displayed
License name is added successfully
]]></system-out>
  </testcase>
  <testcase name="ValidateLanguages" classname="com.qa.testscripts.TC_OrangeHrmDeletePost_019" time="5.187">
    <failure message="The following asserts failed:&#10;	expected [true] but found [false],&#10;	expected [true] but found [false],&#10;	expected [true] but found [false],&#10;	expected [true] but found [false],&#10;	expected [true] but found [false],&#10;	expected [true] but found [false],&#10;	expected [true] but found [false],&#10;	expected [true] but found [false]" type="java.lang.AssertionError">java.lang.AssertionError: 
The following asserts failed:
	expected [true] but found [false],
	expected [true] but found [false],
	expected [true] but found [false],
	expected [true] but found [false],
	expected [true] but found [false],
	expected [true] but found [false],
	expected [true] but found [false],
	expected [true] but found [false]
</failure>
    <system-out><![CDATA[Language page is displayed
AddLanguage page is displayed
Language name is added successfully
]]></system-out>
  </testcase>
  <testcase name="ValidateLanguages" classname="com.qa.testscripts.TC_OrangeHrmDeletePost_019" time="5.054">
    <failure message="The following asserts failed:&#10;	expected [true] but found [false],&#10;	expected [true] but found [false],&#10;	expected [true] but found [false],&#10;	expected [true] but found [false],&#10;	expected [true] but found [false],&#10;	expected [true] but found [false],&#10;	expected [true] but found [false],&#10;	expected [true] but found [false]" type="java.lang.AssertionError">java.lang.AssertionError: 
The following asserts failed:
	expected [true] but found [false],
	expected [true] but found [false],
	expected [true] but found [false],
	expected [true] but found [false],
	expected [true] but found [false],
	expected [true] but found [false],
	expected [true] but found [false],
	expected [true] but found [false]
</failure>
    <system-out><![CDATA[Language page is displayed
AddLanguage page is displayed
Language name is added successfully
]]></system-out>
  </testcase>
  <testcase name="ValidateLanguages" classname="com.qa.testscripts.TC_OrangeHrmDeletePost_019" time="8.048">
    <failure message="The following asserts failed:&#10;	expected [true] but found [false],&#10;	expected [true] but found [false],&#10;	expected [true] but found [false],&#10;	expected [true] but found [false],&#10;	expected [true] but found [false],&#10;	expected [true] but found [false],&#10;	expected [true] but found [false],&#10;	expected [true] but found [false],&#10;	expected [true] but found [false]" type="java.lang.AssertionError">java.lang.AssertionError: 
The following asserts failed:
	expected [true] but found [false],
	expected [true] but found [false],
	expected [true] but found [false],
	expected [true] but found [false],
	expected [true] but found [false],
	expected [true] but found [false],
	expected [true] but found [false],
	expected [true] but found [false],
	expected [true] but found [false]
</failure>
    <system-out><![CDATA[Language page is displayed
AddLanguage page is displayed
language name is already exists
Screenshot is captured successfully
]]></system-out>
  </testcase>
  <testcase name="ValidateLanguages" classname="com.qa.testscripts.TC_OrangeHrmDeletePost_019" time="6.979">
    <failure message="The following asserts failed:&#10;	expected [true] but found [false],&#10;	expected [true] but found [false],&#10;	expected [true] but found [false],&#10;	expected [true] but found [false],&#10;	expected [true] but found [false],&#10;	expected [true] but found [false],&#10;	expected [true] but found [false],&#10;	expected [true] but found [false],&#10;	expected [true] but found [false],&#10;	expected [true] but found [false]" type="java.lang.AssertionError">java.lang.AssertionError: 
The following asserts failed:
	expected [true] but found [false],
	expected [true] but found [false],
	expected [true] but found [false],
	expected [true] but found [false],
	expected [true] but found [false],
	expected [true] but found [false],
	expected [true] but found [false],
	expected [true] but found [false],
	expected [true] but found [false],
	expected [true] but found [false]
</failure>
    <system-out><![CDATA[Language page is displayed
AddLanguage page is displayed
language name is already exists
Screenshot is captured successfully
]]></system-out>
  </testcase>
  <testcase name="ValidateMembership" classname="com.qa.testscripts.TC_OrangeHrmDeletePost_019" time="1.552">
    <failure message="element not interactable&#10;  (Session info: chrome=95.0.4638.54)&#10;Build info: version: &apos;3.141.59&apos;, revision: &apos;e82be7d358&apos;, time: &apos;2018-11-14T08:17:03&apos;&#10;System info: host: &apos;LAPTOP-H6AKN3DE&apos;, ip: &apos;192.168.0.119&apos;, os.name: &apos;Windows 10&apos;, os.arch: &apos;amd64&apos;, os.version: &apos;10.0&apos;, java.version: &apos;1.8.0_291&apos;&#10;Driver info: org.openqa.selenium.chrome.ChromeDriver&#10;Capabilities {acceptInsecureCerts: false, browserName: chrome, browserVersion: 95.0.4638.54, chrome: {chromedriverVersion: 95.0.4638.17 (a9d0719444d4b..., userDataDir: C:\Users\saran\AppData\Loca...}, goog:chromeOptions: {debuggerAddress: localhost:56336}, javascriptEnabled: true, networkConnectionEnabled: false, pageLoadStrategy: normal, platform: WINDOWS, platformName: WINDOWS, proxy: Proxy(), setWindowRect: true, strictFileInteractability: false, timeouts: {implicit: 0, pageLoad: 300000, script: 30000}, unhandledPromptBehavior: dismiss and notify, webauthn:extension:credBlob: true, webauthn:extension:largeBlob: true, webauthn:virtualAuthenticators: true}&#10;Session ID: 4d8024483d5421f97a3037bb1bea1703" type="org.openqa.selenium.ElementNotInteractableException">org.openqa.selenium.ElementNotInteractableException: 
element not interactable
  (Session info: chrome=95.0.4638.54)
Build info: version: '3.141.59', revision: 'e82be7d358', time: '2018-11-14T08:17:03'
System info: host: 'LAPTOP-H6AKN3DE', ip: '192.168.0.119', os.name: 'Windows 10', os.arch: 'amd64', os.version: '10.0', java.version: '1.8.0_291'
Driver info: org.openqa.selenium.chrome.ChromeDriver
Capabilities {acceptInsecureCerts: false, browserName: chrome, browserVersion: 95.0.4638.54, chrome: {chromedriverVersion: 95.0.4638.17 (a9d0719444d4b..., userDataDir: C:\Users\saran\AppData\Loca...}, goog:chromeOptions: {debuggerAddress: localhost:56336}, javascriptEnabled: true, networkConnectionEnabled: false, pageLoadStrategy: normal, platform: WINDOWS, platformName: WINDOWS, proxy: Proxy(), setWindowRect: true, strictFileInteractability: false, timeouts: {implicit: 0, pageLoad: 300000, script: 30000}, unhandledPromptBehavior: dismiss and notify, webauthn:extension:credBlob: true, webauthn:extension:largeBlob: true, webauthn:virtualAuthenticators: true}
Session ID: 4d8024483d5421f97a3037bb1bea1703
</failure>
  </testcase>
  <testcase name="ValidateMembership" classname="com.qa.testscripts.TC_OrangeHrmDeletePost_019" time="5.937">
    <failure message="The following asserts failed:&#10;	expected [true] but found [false],&#10;	expected [true] but found [false],&#10;	expected [true] but found [false],&#10;	expected [true] but found [false],&#10;	expected [true] but found [false],&#10;	expected [true] but found [false],&#10;	expected [true] but found [false],&#10;	expected [true] but found [false],&#10;	expected [true] but found [false],&#10;	expected [true] but found [false]" type="java.lang.AssertionError">java.lang.AssertionError: 
The following asserts failed:
	expected [true] but found [false],
	expected [true] but found [false],
	expected [true] but found [false],
	expected [true] but found [false],
	expected [true] but found [false],
	expected [true] but found [false],
	expected [true] but found [false],
	expected [true] but found [false],
	expected [true] but found [false],
	expected [true] but found [false]
</failure>
    <system-out><![CDATA[Membership page is displayed
AddMembership page is displayed
Membership name is added successfully
]]></system-out>
  </testcase>
  <testcase name="Myinfo" classname="com.qa.testscripts.TC_OrangeHrmDeletePost_019" time="21.561"/>
  <testcase name="validateContactdetails" classname="com.qa.testscripts.TC_OrangeHrmDeletePost_019" time="26.765"/>
  <testcase name="validateQualificationdetails" classname="com.qa.testscripts.TC_OrangeHrmDeletePost_019" time="11.329"/>
  <testcase name="Skills" classname="com.qa.testscripts.TC_OrangeHrmDeletePost_019" time="0.053"/>
  <testcase name="Skills" classname="com.qa.testscripts.TC_OrangeHrmDeletePost_019" time="0.032"/>
  <testcase name="Skills" classname="com.qa.testscripts.TC_OrangeHrmDeletePost_019" time="0.029"/>
  <testcase name="Language" classname="com.qa.testscripts.TC_OrangeHrmDeletePost_019" time="0.121"/>
  <testcase name="Language" classname="com.qa.testscripts.TC_OrangeHrmDeletePost_019" time="0.1"/>
  <testcase name="AddEmp" classname="com.qa.testscripts.TC_OrangeHrmDeletePost_019" time="26.449"/>
  <testcase name="EmpList" classname="com.qa.testscripts.TC_OrangeHrmDeletePost_019" time="7.581"/>
  <testcase name="EmpList" classname="com.qa.testscripts.TC_OrangeHrmDeletePost_019" time="6.853"/>
  <testcase name="likePost" classname="com.qa.testscripts.TC_OrangeHrmDeletePost_019" time="16.797"/>
  <testcase name="postMsg" classname="com.qa.testscripts.TC_OrangeHrmDeletePost_019" time="5.418"/>
  <testcase name="postMsg" classname="com.qa.testscripts.TC_OrangeHrmDeletePost_019" time="5.43"/>
  <testcase name="postMsg" classname="com.qa.testscripts.TC_OrangeHrmDeletePost_019" time="5.322"/>
  <testcase name="unlikePost" classname="com.qa.testscripts.TC_OrangeHrmDeletePost_019" time="4.775"/>
  <testcase name="commentPost" classname="com.qa.testscripts.TC_OrangeHrmDeletePost_019" time="4.447"/>
  <testcase name="validateAnniversary" classname="com.qa.testscripts.TC_OrangeHrmDeletePost_019" time="4.383"/>
  <testcase name="validateNames" classname="com.qa.testscripts.TC_OrangeHrmDeletePost_019" time="1.188"/>
  <testcase name="editPost" classname="com.qa.testscripts.TC_OrangeHrmDeletePost_019" time="6.739"/>
  <testcase name="deletePost" classname="com.qa.testscripts.TC_OrangeHrmDeletePost_019" time="10.484"/>
</testsuite>